Build started 2017/2/16 20:56:07.
     1>Project "E:\software\systemC\sctest\robot\robot\robot.vcxproj" on node 2 (Rebuild target(s)).
     1>ClCompile:
         E:\software\visualStudio2013\VC\bin\CL.exe /c /I"E:\software\systemC\systemc-2.3.1a\src" /ZI /nologo /W3 /WX- /sdl /Od /Oy- /D WIN32 /D _DEBUG /D _CONSOLE /D _LIB /D _CRT_SECURE_NO_WARNINGS /D _UNICODE /D UNICODE /Gm /EHsc /RTC1 /MTd /GS /fp:precise /Zc:wchar_t /Zc:forScope /GR /Fo"Debug\\" /Fd"Debug\vc120.pdb" /Gd /TP /analyze- /errorReport:prompt /vmg sensor.cpp
         sensor.cpp
     1>e:\software\systemc\sctest\robot\robot\sensor.cpp(8): error C2059: syntax error : '}'
     1>Done Building Project "E:\software\systemC\sctest\robot\robot\robot.vcxproj" (Rebuild target(s)) -- FAILED.

Build FAILED.

Time Elapsed 00:00:01.65
